[    0.00000] itiazi cgroup subsys cse
[    0.000000] nialzinggrupsubsyspu
[    00000] Inialzinggrp suyspucct
[  0.00] inuxeron 4.019genicbuil@l01amd64-013) (gcc version 5.4.0 20160609 (Ubuntu 5.4.0-6ubuntu1~16.04.9) ) #143-Ubuntu SMP Mon Apr 2 16:08:24 UTC 2018 (Ubuntu 4.4.0-119.143-generic 4.4.114)
[    0.000000] Command line: BOOT_IMAGE=/boot/vmlinuz-4.4.0-119-generic root=LABEL=cloudimg-rootfs ro console=tty1 console=ttyS0
[    0.000000] KERNEL supported cpus:
[    0.000000]   Intel GenuineIntel
[    0.000000]   AMD AuthenticAMD
[    0.000000]   Centaur CentaurHauls
[    0.000000] x86/fpu: xstate_offset[2]:  576, xstate_sizes[2]:  256
[    0.000000] x86/fpu: Supporting XSAVE feature 0x01: 'x87flating point regier
[    0.000000] x86fpu: Supporting XSAVE feature 0x02: 'SSE registers'
[    0.000000] x86/fpu: Supporting XSAVE feature 0x04: 'AVX registers'
[    0.000000] x86/fpu: Enabled xstate features 0x7, context size is 832 bytes, using 'standard' format.
[    0.000000] x86/fpu: Using 'lazy' FPU context switches.
[    0.000000] e820: BIOS-provided physical RAM map:
[    0.000000] BIOS-e820: [mem 0x0000000000000000-0x000000000009fbff] usable
[    0.000000] BIOS-e820: [mem 0x000000000009fc00-0x000000000009ffff] reserved
[    0.000000] BIOS-e820: [mem 0x00000000000f0000-0x00000000000fffff] reserved
[    0.000000] BIOS-e820: [mem 0x0000000000100000-0x00000000dffeffff] usable
[    0.000000] BIOS-e820: [mem 0x00000000dfff0000-0x00000000dfffffff] ACPI data
[    0.000000] BIOS-e820: [mem 0x00000000fec00000-0x00000000fec00fff] reserved
[    0.000000] BIOS-e820: [mem 0x00000000fee00000-0x00000000fee00fff] reserved
[    0.000000] BIOS-e820: [mem 0x00000000fffc0000-0x00000000ffffffff] reserved
[   0.000000] BIOS-e820: [mem 0x0000000100000000-0x000000011fffffff] usable
[    0.000000] NX (Execute Disable) protection: active
[    0.000000] SMBIOS 2.5 present.
[    0.000000] Hypervisor detected: KVM
[    0.000000] e820: last_pfn = 0x120000 max_arch_pfn = 0x400000000
[    0.000000] MTRR: Disabled
[    0.000000] x86/PAT: MTRRs disabled, skipping PAT initialization too.
[    0.000000] CPU MTRRs all blank - virtualized system.
[    0.000000] x86/PAT: Configuration [0-7]: WB  WT  UC- UC  WB  WT  UC- UC  
[    0.000000] e820: last_pfn = 0xdfff0 max_arch_pfn = 0x400000000
[    0.000000] found SMP MP-table at [mem 0x0009fff0-0x0009ffff] mapped at [ffff88000009fff0]
[    0.000000] Scanning 1 areas for low memory corruption
[    0.000000] RAMDISK: [mem 0x36ae4000-0x37569fff]
[    0.000000] ACPI: Early table checksum verification disabled
[    0.000000] ACPI: RSDP 0x00000000000E0000 000024 (v02 VBOX  )
[    0.000000] ACPI: XSDT 0x00000000DFFF0030 00003C (v01 VBOX   VBOXXSDT 00000001 ASL  00000061)
[    0.000000] ACPI: FACP 0x00000000DFFF00F0 0000F4 (v04 VBOX   VOXFAP 00001 SL0000061)[   0.00] ACPIDS 0x0000DFF04 002FF (v0VBX   OXOS 0002 NTL 1630)  0.0000ACPIFA 0x00000000DFFF0200 000040
[    0.000000] ACPI: FACS 0x000000FF20000040
[    0.000000] ACPI: APIC 0x000000FF0240 0005C (v02 OX VBOXAPI000001SL000061
[   0000] AI:SDT 0x0000DF02 0001CC (v01 VBOX   VBOXPU000002INL 20160930)
[    0.000000]  NA configuration ou
    0000] ki anodet em 00000000000-00000001fffff
   0000]NODEAT0) aoced [mem 0x11ff00x1fffbf]
[    0.000000] kvm-clock: Using msrs 4b564d01 and 4b564d00
[    0.000000] kvm-clock: cpu 0, msr 1:1ff00, primary cpu clock
[   0.000000] kvm-clock: using heoffset o316542242 cyles
[  0000] ocksource:vm-clock: mak: 0xfffffffffma_cycs:x1cde4fb maxdlns: 15591483ns[   .0000] Zone nges
[  0.000000  DM   [mem 0x000000000010-0x00000000ffff]
[    0.000000]   DMA32    [mem 0x0000000001000000-0x00000000ffffffff]
[    0.000000]   Normal   [mem 0x0000000100000000-0x000000011fffffff]
[    0.000000]   Device   empty
[    0.00000 Movab ze stt r each nod
[  0.0000] Early emory node ranges
[    0.000000]   node   0: [mem 0x0000000000001000-0x000000000009efff]
[    0.000000]   node   0: [mem 0x0000000000100000-0x00000000dffeffff]
[    0.000000]   node   0: [mem 0x0000000100000000-0x000000011fffffff]
[    0.000000] Intmem setupode [m 0x0000000000001000-0x000000011fffffff]
[    0.000000] ACPI: PM-Timer IO Port: 0x4008
[    0.000000] IOAPIC[0]: apic_id 2, version 32, address 0xfec00000, GSI 0-23
[    0.000000] ACPI: INT_SRC_OVR (bus 0 bus_irq 0 global_irq 2 dfl dfl)
[    0.000000] ACPI: INT_SRC_OVR (bus 0 bus_irq 9 gloal_irq 9 low level)
[    0.000000] Using AC (DT) for SMP configuration infoatn
[    0.0000] smpboot: Allowing CPs, 0 hplg PUs   0.000000] PM: Registered noveemory: [mem 0x0000-0x00000fff]
[  000000]PM: Registered nosave memory: [mem 0x0009f000-0x0009ffff]
[    0.000000] PM: Registered nosave memory: [mem 0x000a0000-0x000effff]
[    0.000000] PM: Registered nosave memory: [mem 0x000f0000-0x000fffff]
[    0.000000] PM: Registered nosave memory: [mem 0xdfff0000-0xdfffffff]
[    0.000000] PM: Registered nosave memory: [mem 0xe0000000-0xfebfffff]
[    0.000000] PM: Registered nosave memory: [mem 0xfec00000-0xfecfff]
[    0.000000] PM: Registered nosave memory: [mem 0xfec01000-0xfedfffff]
[    0.000000] PM: Registered nosave memory: [mem 0xfee00000-0xfee00fff]
[    0.000000] PM: Registered nosave memory: [mem 0xfee01000-0xfffbffff]
[    0.000000] PM: Registered nosave memory: [mem 0xfffc0000-0xffffffff]
[    0.000000] e820: [mem 0xe0000000-0xfebfffff] available for PCI devices
[    0.000000] Booting paravirtualized kernel on KVM
[    0.000000] clocksource: refined-jiffies: mask: 0xffffffff max_cycles: 0xffffffff, max_idle_ns: 7645519600211568 ns
[    0.000000] setup_percpu: NR_CPUS:512 nr_cpumask_bits:512 nr_cpu_ids:2 nr_node_ids:1
[    0.000000] PERCPU: Embedded 34 pages/cpu @ffff88011fc00000 s99544 r8192 d31528 u1048576
[    0.000000] PV qspinlock hash table entries: 256 (order: 0, 4096 bytes)
[    0.000000] Built 1 zonelists in Node order, mobility grouping on.  Total pages: 1032056
[    0.000000] Policy zone: Normal
[    0.000000] Kernel command line: BOOT_IMAGE=/boot/vmlinuz-4.4.0-119-generic root=LABEL=cloudimg-rootfs ro console=tty1 console=ttyS0
[    0.000000] PID hash table entries: 4096 (order: 3, 32768 bytes)
[    0.000000] Memory: 4032260K/4193848K available (8532K kernel code, 1313K rwdata, 3996K rodata, 1508K init, 1316K bss, 161588K reserved, 0K cma-reserrved)
[    0.000000] SLUB: HWalign=64, Order=0-3, MinObjects=0, CPUs=2, Nodes=1
[    0.000000] Kernel/User page tables isolation: enabled
[   00000] HierarchicaRCimplementation.
[    0.000000] 	Build-time jument of leaf fant  6.
[    0.00000]RCrestricting PUs fr N_CPU51to ncp_i=2.   0.00000 RU: Ausng gmeryfor u_noutea64, nr_cpu_ids=2
[    0.000000] NR_IRQS:33024 nr_irqs:440 16
[    0.000000] Console: colour VGA+ 80x25
[    0.000000] console [tty1] enabled
[    0.000000] console [ttyS0] enabled
[    0.000000] tsc: Detected 2591.982 MHz processor
[    8.951440] Calibrating delay loop (skipped) preset value.. 5183.96 BogoMIPS (lpj=10367928)
[    9.189588] pid_max: default: 32768 minimum: 301
[    9.328281] ACPI: Core revision 20150930
[    9.446078] ACPI: 2 ACPI AML tables successfully acquired and loaded
[    9.593645] Security Framework initialized
[    9.718941] Yama: becoming mindful.
[    9.719587] AppArmor: AppArmor initialized
[    9.720890] Dentry cache hash table entries: 524288 (order: 10, 4194304 bytes)
[    9.881825] Inode-cache hash table entries: 262144 (order: 9, 2097152 bytes)
[    9.997688] Mount-cache hash table entries: 8192 (order: 4, 65536 bytes)
[   10.112560] Mountpoint-cache hash table entries: 8192 (order: 4, 65536 bytes)
[   10.273989] Initializing cgroup subsys io
[   10.393339] Initializing cgroup subsys memory
[   10.520662] Initializing cgroup subsys devices
[   10.654946] Initializing cgroup subsys freezer
[   10.782006] Initializing cgroup subsys net_cls
[   10.882620] Initializing cgroup subsys perf_event
[   10.992673] Initializing cgroup subsys net_prio
[   11.073210] Initializing cgroup subsys hugetlb
[   11.088055] Initializing cgroup subsys pids
[   11.088931] CPU: Physical Processor ID: 0
[   11.089644] CPU: Processor Core ID: 0
[   11.090435] FEATURE SPEC_CTRL Not Present
[   11.108754] mce: CPU supports 0 MCE banks
[   11.109485] Last level iTLB entries: 4KB 64, 2MB 8, 4MB 8
[   11.110413] Last level dTLB entries: 4KB 64, 2MB 0, 4MB 0, 1GB 4
[   11.111353] Spectre V2 mitigation: Mitigation: Full generic retpoline
[   11.112311] Spectre V2 mitigation: Speculation control IBPB not-supported IBRS not-supported
[   11.113506] Spectre V2 mitigation: Filling RSB on context switch
[   11.116350] Freeing SMP alternatives memory: 32K
[   11.123835] ftrace: allocating 32195 entries in 126 pages
[   11.170351] smpboot: APIC(0) Converting physical 0 to logical package 0
[   11.188192] smpboot: Max logical packages: 1
[   11.189138] x2apic enabled
[   11.189816] Switched APIC routing to physical x2apic.
[   11.191619] ..TIMER: vector=0x30 apic1=0 pin1=2 apic2=-1 pin2=-1
[   11.300160] smpboot: CPU0: Intel(R) Core(TM) i7-6700HQ CPU @ 2.60GHz (family: 0x6, model: 0x5e, stepping: 0x3)
[   11.378571] Performance Events: unsupported p6 CPU model 94 no PMU driver, software events only.
[   11.380183] KVM setup paravirtual spinlock
[   11.381478] x86: Booting SMP configuration:
[   11.382183] .... node  #0, CPUs:      #1
[   11.382952] kvm-clock: cpu 1, msr 1:1ffef041, secondary cpu clock
[   11.386018] mce: CPU supports 0 MCE banks
[   11.388405] x86: Booted up 1 node, 2 CPUs
[   11.389229] smpboot: Total of 2 processors activated (10367.92 BogoMIPS)
[   11.390626] devtmpfs: initialized
[   11.393116] evm: security.selinux
[   11.393684] evm: security.SMACK64
[   11.394248] evm: security.SMACK64EXEC
[   11.394925] evm: security.SMACK64TRANSMUTE
[   11.395589] evm: security.SMACK64MMAP
[   11.396315] evm: security.ima
[   11.396940] evm: security.capability
[   11.419096] clocksource: jiffies: mask: 0xffffffff max_cycles: 0xffffffff, max_idle_ns: 7645041785100000 ns
[   11.633076] futex hash table entries: 512 (order: 3, 32768 bytes)
[   11.728874] pinctrl core: initialized pinctrl subsystem
[   11.803046] RTC time: 12:48:12, date: 04/19/18
[   11.835635] NET: Registered protocol family 16
[   11.848327] cpuidle: using governor ladder
[   11.868202] cpuidle: using governor menu
[   11.961235] PCCT header not found.
[   12.058646] ACPI: bus type PCI registered
[   12.166910] acpiphp: ACPI Hot Plug PCI Controller Driver version: 0.5
[   12.188834] PCI: Using configuration type 1 for base access
[   12.201087] ACPI: Added _OSI(Module Device)
[   12.279299] ACPI: Added _OSI(Processor Device)
[   12.413048] ACPI: Added _OSI(3.0 _SCP Extensions)
[   12.539716] ACPI: Added _OSI(Processor Aggregator Device)
[   12.693317] ACPI: Executed 1 blocks of module-level executable AML code
[   12.885663] ACPI: Interpreter enabled
[   12.948641] ACPI: (supports S0 S5)
[   12.949240] ACPI: Using IOAPIC for interrupt routing
[   12.950150] PCI: Using host bridge windows from ACPI; if necessary, use "pci=nocrs" and report a bug
[   12.954604] ACPI: PCI Root Bridge [PCI0] (domain 0000 [bus 00-ff])
[   13.048768] acpi PNP0A03:00: _OSC: OS supports [ASPM ClockPM Segments MSI]
[   13.145830] acpi PNP0A03:00: _OSC: not requesting OS control; OS requires [ExtendedConfig ASPM ClockPM MSI]
[   13.328678] acpi PNP0A03:00: fail to add MMCONFIG information, can't access extended PCI configuration space under this bridge.
[   13.677258] PCI host bridge to bus 0000:00
[   13.781552] pci_bus 0000:00: root bus resource [io  0x0000-0x0cf7 window]
[   13.782489] pci_bus 0000:00: root bus resource [io  0x0d00-0xffff window]
[   13.783427] pci_bus 0000:00: root bus resource [mem 0x000a0000-0x000bffff window]
[   13.784616] pci_bus 0000:00: root bus resource [mem 0xe0000000-0xfdffffff window]
[   13.785777] pci_bus 0000:00: root bus resource [bus 00-ff]
[   13.787800] pci 0000:00:01.1: legacy IDE quirk: reg 0x10: [io  0x01f0-0x01f7]
[   13.789836] pci 0000:00:01.1: legacy IDE quirk: reg 0x14: [io  0x03f6]
[   13.790778] pci 0000:00:01.1: legacy IDE quirk: reg 0x18: [io  0x0170-0x0177]
[   13.791747] pci 0000:00:01.1: legacy IDE quirk: reg 0x1c: [io  0x0376]
[   13.828267] pci 0000:00:07.0: quirk: [io  0x4000-0x403f] claimed by PIIX4 ACPI
[   13.837409] pci 0000:00:07.0: quirk: [io  0x4100-0x410f] claimed by PIIX4 SMB
[   13.863624] ACPI: PCI Interrupt Link [LNKA] (IRQs 5 9 10 *11)
[   13.986265] ACPI: PCI Interrupt Link [LNKB] (IRQs 5 9 *10 11)
[   14.054043] ACPI: PCI Interrupt Link [LNKC] (IRQs 5 *9 10 11)
[   14.156855] ACPI: PCI Interrupt Link [LNKD] (IRQs 5 9 10 *11)
[   14.304804] ACPI: Enabled 2 GPEs in block 00 to 07
[   14.437745] vgaarb: setting as boot device: PCI:0000:00:02.0
[   14.610680] vgaarb: device added: PCI:0000:00:02.0,decodes=io+mem,owns=io+mem,locks=none
[   14.852994] vgaarb: loaded
[   14.931014] vgaarb: bridge control possible 0000:00:02.0
[   15.077032] SCSI subsystem initialized
[   15.146844] ACPI: bus type USB registered
[   15.248738] usbcore: registered new interface driver usbfs
[   15.415404] usbcore: registered new interface driver hub
[   15.571172] usbcore: registered new device driver usb
[   15.716181] PCI: Using ACPI for IRQ routing
[   15.840730] NetLabel: Initializing
[   15.945322] NetLabel:  domain hash size = 128
[   16.073436] NetLabel:  protocols = UNLABELED CIPSOv4
[   16.165909] NetLabel:  unlabeled traffic allowed by default
[   16.238210] amd_nb: Cannot enumerate AMD northbridges
[   16.302057] clocksource: Switched to clocksource kvm-clock
[   16.403425] AppArmor: AppArmor Filesystem Enabled
  6.88] p:PnP ACPI init
[   16.849450] pnp: PnP ACPI: found 3 devices
[   17.084510] clocksource: acpi_pm: mask: 0xffffff max_cycles: 0xffffff, max_idle_ns: 2085701024 ns
[   17.188837] NET: Registered protocol family 2
[   17.228151] TCP established hash table entries: 32768 (order: 6, 262144 bytes)
[   17.238580] TCP bind hash table entries: 32768 (order: 7, 524288 bytes)
[   17.240103] TCP: Hash tables configured (established 32768 bind 32768)
[   17.241180] UDP hash table entries: 2048 (order: 4, 65536 bytes)
[   17.242158] UDP-Lite hash table entries: 2048 (order: 4, 65536 bytes)
[   17.243244] NET: Registered protocol family 1
[   17.244001] pci 0000:00:00.0: Limiting direct PCI/PCI transfers
[   17.244924] pci 0000:00:01.0: Activating ISA DMA hang workarounds
[   17.246129] Unpacking initramfs...
[   18.805588] Freeing initrd memory: 10776K
[   19.007730] PCI-DMA: Using software bounce buffering for IO (SWIOTLB)
[   19.229724] software IO TLB [mem 0xdbff0000-0xdfff0000] (64MB) mapped at [ffff8800dbff0000-ffff8800dffeffff]
[   19.368198] platform rtc_cmos: registered platform RTC device (no PNP device found)
[   19.369502] Scanning for low memory corruption every 60 seconds
[   19.378556] audit: initializing netlink subsys (disabled)
[   19.379388] audit: type=2000 audit(1524142089.806:1): initialized
[   19.380460] Initialise system trusted keyring
[   19.798009] HugeTLB registered 2 MB page size, pre-allocated 0 pages
[   20.348869] zbud: loaded
[   20.434800] tsc: Refined TSC clocksource calibration: 2591.994 MHz
[   20.707741] clocksource: tsc: mask: 0xffffffffffffffff max_cycles: 0x255cb158701, max_idle_ns: 440795293120 ns
[   20.708211] VFS: Disk quotas dquot_6.6.0
[   20.708235] VFS: Dquot-cache hash table entries: 512 (order 0, 4096 bytes)
[   20.708430] squashfs: version 4.0 (2009/01/31) Phillip Lougher
[   21.268507] fuse init (API version 7.23)
[   21.268630] Key type big_key registered
[   21.268645] Allocating IMA MOK and blacklist keyrings.
[   21.268826] Key type asymmetric registered
[   21.268831] Asymmetric key parser 'x509' registered
[   21.268861] Block layer SCSI generic (bsg) driver version 0.4 loaded (major 249)
[   21.268884] io scheduler noop registered
[   21.268886] io scheduler deadline registered (default)
[   21.268921] io scheduler cfq registered
[   21.269012] pci_hotplug: PCI Hot Plug PCI Core version: 0.5
[   21.269017] pciehp: PCI Express Hot Plug Controller Driver version: 0.4
[   21.269120] ACPI: AC Adapter [AC] (on-line)
[   21.269163] input: Power Button as /devices/LNXSYSTM:00/LNXPWRBN:00/input/input0
[   21.269165] ACPI: Power Button [PWRF]
[   21.269216] input: Sleep Button as /devices/LNXSYSTM:00/LNXSLPBN:00/input/input1
[   21.269217] ACPI: Sleep Button [SLPF]
[   21.269323] GHES: HEST is not enabled!
[   21.269870] ACPI: Battery Slot [BAT0] (battery present)
[   21.269904] Serial: 8250/16550 driver, 32 ports, IRQ sharing enabled
[   21.291407] 00:02: ttyS0 at I/O 0x3f8 (irq = 4, base_baud = 115200) is a 16550A
[   21.308780] Linux agpgart interface v0.103
[   21.311497] loop: module loaded
[   21.311925] scsi host0: ata_piix
[   21.311971] scsi host1: ata_piix
[   21.311997] ata1: PATA max UDMA/33 cmd 0x1f0 ctl 0x3f6 bmdma 0xd000 irq 14
[   21.311998] ata2: PATA max UDMA/33 cmd 0x170 ctl 0x376 bmdma 0xd008 irq 15
[   21.312060] libphy: Fixed MDIO Bus: probed
[   21.312062] tun: Universal TUN/TAP device driver, 1.6
[   21.312062] tun: (C) 1999-2004 Max Krasnyansky <maxk@qualcomm.com>
[   21.312323] PPP generic driver version 2.4.2
[   21.312375] ehci_hcd: USB 2.0 'Enhanced' Host Controller (EHCI) Driver
[   21.312392] ehci-pci: EHCI PCI platform driver
[   21.312404] ehci-platform: EHCI generic platform driver
[   21.312411] ohci_hcd: USB 1.1 'Open' Host Controller (OHCI) Driver
[   21.312414] ohci-pci: OHCI PCI platform driver
[   21.312420] ohci-platform: OHCI generic platform driver
[   21.312426] uhci_hcd: USB Universal Host Controller Interface driver
[   21.312472] i8042: PNP: PS/2 Controller [PNP0303:PS2K,PNP0f03:PS2M] at 0x60,0x64 irq 1,12
[   21.312977] serio: i8042 KBD port at 0x60,0x64 irq 1
[   21.312980] serio: i8042 AUX port at 0x60,0x64 irq 12
[   21.313062] mousedev: PS/2 mouse device common for all mice
[   21.313283] input: AT Translated Set 2 keyboard as /devices/platform/i8042/serio0/input/input2
[   21.313555] rtc_cmos rtc_cmos: rtc core: registered rtc_cmos as rtc0
[   21.313601] rtc_cmos rtc_cmos: alarms up to one day, 114 bytes nvram
[   21.313607] i2c /dev entries driver
[   21.313651] device-mapper: uevent: version 1.0.3
[   21.313692] device-mapper: ioctl: 4.34.0-ioctl (2015-10-28) initialised: dm-devel@redhat.com
[   21.313709] ledtrig-cpu: registered to indicate activity on CPUs
[   21.313930] NET: Registered protocol family 10
[   21.314049] NET: Registered protocol family 17
[   21.314058] Key type dns_resolver registered
[   21.314253] registered taskstats version 1
[   21.314265] Loading compiled-in X.509 certificates
[   21.314791] Loaded X.509 cert 'Build time autogenerated kernel key: f854e06633b5f496ced5b2e02c7b14f761b69302'
[   21.314823] zswap: loaded using pool lzo/zbud
[   21.316255] Key type trusted registered
[   21.318285] Key type encrypted registered
[   21.318289] AppArmor: AppArmor sha1 policy hashing enabled
[   21.318291] ima: No TPM chip found, activating TPM-bypass!
[   21.318307] evm: HMAC attrs: 0x1
[   21.318522]   Magic number: 14:474:835
[   21.319077] rtc_cmos rtc_cmos: setting system clock to 2018-04-19 12:48:22 UTC (1524142102)
[   21.319135] BIOS EDD facility v0.16 2004-Jun-25, 0 devices found
[   21.319135] EDD information not available.
[   25.749126] Freeing unused kernel memory: 1508K
[   25.839463] Write protecting the kernel read-only data: 14336k
[   25.977342] Freeing unused kernel memory: 1696K
[   26.092651] Freeing unused kernel memory: 100K
Loading, please [   26.235615] random: systemd-udevd: uninitialized urandom read (16 bytes read, 7 bits of entropy available)
wait...
startin[   26.236203] random: udevadm: uninitialized urandom read (16 bytes read, 7 bits of entropy available)
g version 229
[   26.236217] random: udevadm: uninitialized urandom read (16 bytes read, 7 bits of entropy available)
[   26.242368] random: udevadm: uninitialized urandom read (16 bytes read, 7 bits of entropy available)
[   26.242418] random: udevadm: uninitialized urandom read (16 bytes read, 7 bits of entropy available)
[   26.242521] random: udevadm: uninitialized urandom read (16 bytes read, 7 bits of entropy available)
[   26.242558] random: udevadm: uninitialized urandom read (16 bytes read, 7 bits of entropy available)
[   26.242597] random: udevadm: uninitialized urandom read (16 bytes read, 7 bits of entropy available)
[   26.242635] random: udevadm: uninitialized urandom read (16 bytes read, 7 bits of entropy available)
[   26.242671] random: udevadm: uninitialized urandom read (16 bytes read, 7 bits of entropy available)
[   27.772044] e1000: Intel(R) PRO/1000 Network Driver - version 7.3.21-k8-NAPI
[   28.087774] e1000: Copyright (c) 1999-2006 Intel Corporation.
[   28.091412] Fusion MPT base driver 3.04.20
[   28.327710] Copyright (c) 1999-2008 LSI Corporation
[   28.332660] Fusion MPT SPI Host driver 3.04.20
[   28.568784] input: ImExPS/2 Generic Explorer Mouse as /devices/platform/i8042/serio1/input/input4
[   28.626010] AVX2 version of gcm_enc/dec engaged.
[   28.628072] AES CTR mode by8 optimization enabled
[   28.930401] e1000 0000:00:03.0 eth0: (PCI:33MHz:32-bit) 02:62:8c:65:d6:7a
[   29.063273] e1000 0000:00:03.0 eth0: Intel(R) PRO/1000 Network Connection
[   29.279735] mptbase: ioc0: Initiating bringup
[   29.818524] ioc0: LSI53C1030 A0: Capabilities={Initiator}
[   30.194370] scsi host2: ioc0: LSI53C1030 A0, FwRev=00000000h, Ports=1, MaxQ=256, IRQ=20
[   31.166905] scsi 2:0:0:0: Direct-Access     VBOX     HARDDISK         1.0  PQ: 0 ANSI: 5
[   31.988003] floppy0: no floppy controllers found
[   31.988612] scsi target2:0:0: Beginning Domain Validation
[   32.022093] scsi target2:0:0: Domain Validation skipping write tests
[   32.023066] scsi target2:0:0: Ending Domain Validation
[   32.023900] scsi target2:0:0: asynchronous
[   32.030251] scsi 2:0:1:0: Direct-Access     VBOX     HARDDISK         1.0  PQ: 0 ANSI: 5
[   32.191180] scsi target2:0:1: Beginning Domain Validation
[   32.329856] e1000 0000:00:08.0 eth1: (PCI:33MHz:32-bit) 08:00:27:40:58:b2
[   32.329860] e1000 0000:00:08.0 eth1: Intel(R) PRO/1000 Network Connection
[   33.239605] e1000 0000:00:08.0 enp0s8: renamed from eth1
[   33.249314] scsi target2:0:1: Domain Validation skipping write tests
[   33.251794] scsi target2:0:1: Ending Domain Validation
[   33.277882] scsi target2:0:1: asynchronous
[   33.708454] e1000 0000:00:03.0 enp0s3: renamed from eth0
[   34.274902] sd 2:0:0:0: [sda] 20971520 512-byte logical blocks: (10.7 GB/10.0 GiB)
[   34.275126] sd 2:0:0:0: Attached scss generic sg0 type 0
[   34.275262] sd 2:0:1:0: Attached scsi generic sg1 type 0
[   34.275656] sd 2:0:1:0: [sdb] 20480 512-byte logical blocks: (10.5 MB/10.0 MiB)
[   34.275737] sd 2:0:1:0: [sdb] Write Protect is off
[   34.275789] sd 2:0:1:0: [sdb] Incomplete mode parameter data
[   34.275790] sd 2:0:1:0: [sdb] Assuming drive cache: write through
[   34.278929] sd 2:0:1:0: [sdb] Attached SCSI disk
[   35.155136] sd 2:0:0:0: [sda] Write Protect is off
[   35.239658] sd 2:0:0:0: [sda] Incomplete mode parameter data
[   35.398891] sd 2:0:0:0: [sda] Assuming drive cache: write through
[   35.473539]  sda: sda1
[   35.618457] sd 2:0:0:0: [sda] Attached SCSI disk
Begin: Loading e[   37.350360] md: linear personality registered for level -1
ssential drivers[   37.506211] md: multipath personality registered for level -4
 ... [   37.558636] md: raid0 personality registered for level 0
[   38.030673] md: raid1 personality registered for level 1
[   38.246109] raid6: sse2x1   gen() 10960 MB/s
[   38.418107] raid6: sse2xx   xor()  8361 MB/s
[   38.566121] raid6: sse2x2   gen() 13497 MB/s
[   38.714108] raid6: sse2x2   xor()  9232 MB/s
[   38.782108] raid6: sse2x4   gen() 15015 MB/s
[   38.850106] raid6: sse2x4   xor() 10252 MB/s
[   38.918100] raid6: avx2x1   gen() 21051 MB/s
[   38.986088] raid6: avx2x2   gen() 23743 MB/s
[   39.142104] raid6: avx2x4   gen() 26714 MB/s
[   39.191593] raid6: using algorithm avx2x4 gen() 26714 MB/s
[   39.192499] raid6: using avx2x2 recovery algorithm
[   39.194552] xor: automatically using best checksumming function:
[   39.258545]    avx       : 44027.000 MB/sec
[   39.708747] async_tx: api initialized (async)
[   40.173313] md: raid6 personality registered for level 6
[   40.228286] md: raid5 personality registered for level 5
[   40.397844] md: raid4 personality registered for level 4
[   40.403789] md: raid10 personality registered for level 10
done.
Begin: Running /scripts/init-premount ... done.
Begin: Mounting root file system ... Begin: Running /scripts/local-top ... done.
Begin: Ru[   40.431788] Btrfs loaded
nning /scripts/local-premount ... Scanning for B[   40.544062] EXT4-fs (sda1): mounted filesystem with ordered data mode. Opts: (null)
trfs filesystems
done.
Warning: fsck not present, so skipping root file system
done.
Begin: Running /scripts/local-bottom ... done.
Begin: Running /scripts/init-bottom ... done.
[   40.852162] systemd[1]: systemd 229 running in system mode. (+PAM +AUDIT +SELINUX +IMA +APPARMOR +SMACK +SYSVINIT +UTMP +LIBCRYPTSETUP +GCRYPT +GNUTLS +ACL +XZ -LZ4 +SECCOMP +BLKID +ELFUTILS +KMOD -IDN)
[   41.024645] systemd[1]: Detected virtualization oracle.
[   41.030679] systemd[1]: Detected architecture x86-64.

Welcome to [1mUbuntu 16.04.4 LTS[0m!

[   41.103558] systemd[1]: Set hostname to <ubuntu>.
[   41.363138] systemd[1]: Initializing machine ID from random generator.
[   41.507340] systemd[1]: Installed transient /etc/machine-id file.
[   41.743963] random: nonblocking pool is initialized
[ 41950]ysmd]:isni oSyogoct.
[[0;32m  OK  [0m] Listening on Syslog Socket.
[   42.512473] systemd[1]: Listening on udev Kernel Socket.
[[0;32m  OK  [0m] Listening on udev Kernel Socket.
[   42.519023] systemd[1]: Listening on Device-mapper event daemon FIFOs.
[[0;32m  OK  [0m] Listening on Device-mapper event daemon FIFOs.
[   42.690426] systemd[1]: Created slice User and Session Slice.
[[0;32m  OK  [0m] Created slice User and Session Slice.
[   42.692320] systemd[1]: Listening on Journal Audit Socket.
[[0;32m  OK  [0m] Listening on Journal Audit Socket.
[   42.694088] systemd[1]: Reached target User and Group Name Lookups.
[[0;32m  OK  [0m] Reached target User and Group Name Lookups.
[   42.695969] systemd[1]: Listening on LVM2 poll daemon socket.
[[0;32m  OK  [0m] Listening on LVM2 poll daemon socket.
[   42.766620] systemd[1]: Reached target Encrypted Volumes.
[[0;32m  OK  [0m] Reached target Encrypted Volumes.
[ 43188]ysmd]:isni o Journal Socket.
[[0;32m  OK  [0m] Listening on Journal Socket.
[ 43660075] systemd[1]: Reached target Swap.
[[0;32m  OK  [0m] Reached target Swap.
[ 43679]ysmd]:isni oJonaSocket (/dev/log).
[[0;32m  OK  [0m] Listening on Journal Socket (/dev/log).
[   44.651073] systemd[1]: Reached target System Time Synchronized.
[[0;32m  OK  [0m] Reached target System Time Synchronized.
[   44.787675] systemd[1]: Listening on LVM2 metadata daemon socket.
[[0;32m  OK  [0m] Listening on LVM2 metadata daemon socket.
[   44.789517] systemd[1]: Started Trigger resolvconf update for networkd DNS.
[[0;32m  OK  [0m] Started Trigger resolvconf update for networkd DNS.
[ 45558]ysmd]: Created slice System Slice.
[[0;32m  OK  [0m] Created slice System Slice.
[   45.782700] systemd[1]: Createdli steseia\xgey.ic
[[0;32m  OK  [0m] Created slice system-serial\x2dgetty.slice.
[   46.366936] systemd[1]: Starting Create list of required static device nodes for the current kernel...
         Starting Create list of required st... nodes for the current kernel...
[   46.662235] systemd[1]: Starting Journal Service...
         Starting Journal Service...
[   46.786365] systemd[1]: Starting Monitoring of LVM2 mirrors, snapshots etc. using dmeventd or progress polling...
         Starting Monitoring of LVM2 mirrors... dmeventd or progress polling...
[   46.833905] systemd[1]: Starting Load Kernel Modules...
         Starting Load Ke[   46.987319] Loading iSCSI transport class v2.0-870.
rnel Modules...[   47.425084] iscsi: registered transport (tcp)

[   47.910259] systemd[1]: Mounting POSIX Message Queue File System...
         Mounting POSIX M[   48.105210] iscsi: registered transport (iser)
essage Queue File System...
[   48.268711] systemd[1]: Starting Nameserver information manager...
         Starting Nameserver information manager...
[   48.350285] systemd[1]: Starting Remount Root and Kernel File Systems...
[   48.353387] EXT4-fs (sda1): re-mounted. Opts: (null)
         Starting Remount Root and Kernel File Systems...
[   48.391360] systemd[1]: Reached target Slices.
[[0;32m  OK  [0m] Reached target Slices.
[   48.393445] systemd[1]: Mounting Huge Pages File System...
         Mounting Huge Pages File System...
[   48.398042] systemd[1]: Starting Set console keymap...
         Starting Set console keymap...
[   48.442328] systemd[1]: Listening on udev Control Socket.
[[0;32m  OK  [0m] Listening on udev Control Socket.
[   48.462216] systemd[1]: Mounting Debug File System...
         Mounting Debug File System...
[   48.470207] systemd[1]: Listening on /dev/initctl Compatibility Named Pipe.
[[0;32m  OK  [0m] Listening on /dev/initctl Compatibility Named Pipe.
[   48.490408] systemd[1]: Set up automount Arbitrary Executable File Formats File System Automount Point.
[[0;32m  OK  [0m] Set up automount Arbitrary Executab...ats File System Automount Point.
[   48.502276] systemd[1]: Started Forward Password Requests to Wall Directory Watch.
[[0;32m  OK  [0m] Started Forward Password Requests to Wall Directory Watch.
[   48.522227] systedd[1]: Starting Uncomplicated firewall...
         Starting Uncomplicated firewall...
[   48.563514] systemd[1]: Mounted POSIX Message Queue File System.
[[0;32m  OK  [0m] Mounted POSIX Message Queue File System.
[   48.570477] systemd[1]: Mounted Huge Pages File System.
[[0;32m  OK  [0m] Mounted Huge Pages File System.
[   48.572203] systemd[1]: Mounted Debug File System.
[[0;32m  OK  [0m] Mounted Debug File System.
[   48.574926] systemd[1]: Started Journal Service.
[[0;32m  OK  [0m] Started Journal Service.
[[0;32m  OK  [0m] Started Create list of required sta...ce nodes for the current kernel.
[[0;32m  OK  [0m] Started Load Kernel Modules.
[[0;32m  OK  [0m] Started Remount Root and Kernel File Systems.
[[0;32m  OK  [0m] Started Set console keymap.
[[0;32m  OK  [0m] Started Uncomplicated firewall.
[[0;32m  OK  [0m] Started Nameserver information manager.
[[0;32m  OK  [0m] Started LVM2 metadata daemon.
         Starting udev Coldplug all Devices...
         Starting Load/Save Random Seed...
         Starting Initial cloud-init job (pre-networking)...
         Mounting FUSE Control File System...
         Starting Apply Kernel Variables...
         Starting Create Static Device Nodes in /dev...
         Starting Flush Journal to Persistent Storage...
[[0;32m  OK  [0m] Mounted FUSE Control File System.
[[0;32m  OK  [0m] Started Monitoring of LVM2 mirrors,...ng dmeventd or progress polling.
[[0;32m  OK  [0m] Started Load/Save Random Seed.
[[0;32m  OK  [0m] Started Apply Kernel Variables.
[[0;32m  OK  [0m] Started Create Static Device Nodes in /dev.
[[0;32m  OK  [0m] Started udev Coldplug all Devices.
[[0;32m  OK  [0m] Started Flush Journal to Persistent Storage.
         Starting udev Kernel Device Manager...
[[0;32m  OK  [0m] Started udev Kernel Device Manager.
[[0;32m  OK  [0m] Reached target Local File Systems (Pre).
[[0;32m  OK  [0m] Reached target Local File Systems.
         Starting Set console font and keymap...
         Starting LSB: AppArmor initialization...
         Starting Create Volatile Files and Directories...
         Starting Commit a transient machine-id on disk...
         Starting Tell Plymouth To Write Out Runtime Data...
[[0;32m  OK  [0m] Started Dispatch Password Requests to Console Directory Watch.
[[0;32m  OK  [0m] Started Create Volatile Files and Directories.
[[0;32m  OK  [0m] Started Tell Plymouth To Write Out Runtime Data.
[[0;32m  OK  [0m] Started Commit a transient machine-id on disk.
[[0;32m  OK  [0m] Found device /dev/ttyS0.
         Starting Update UTMP about System Boot/Shutdown...
[   33.931174] cloud-init[448]: Cloud-init v. 18.2 running 'init-local' at Thu, 19 Apr 2018 12:48:50 +0000. Up 33.58 seconds.
[[0;32m  OK  [0m] Started Update UTMP about System Boot/Shutdown.
[[0;32m  OK  [0m] Started Initial cloud-init job (pre-networking).
[[0;32m  OK  [0m] Reached target Network (Pre).
[[0;32m  OK  [0m] Found device 82540EM Gigabit Ethern...r (PRO/1000 MT Desktop Adapter).
[[0;32m  OK  [0m] Started Set console font and keymap.
[[0;32m  OK  [0m] Created slice system-getty.slice.
[[0;32m  OK  [0m] Started LSB: AppArmor initialization.
[[0;32m  OK  [0m] Listening on Load/Save RF Kill Switch Status /dev/rfkill Watch.
[[0;32m  OK  [0m] Started ifup for enp0s3.
         Starting Raise network interfaces...
[[0;32m  OK  [0m] Started Raise network interfaces.
[[0;32m  OK  [0m] Reached target Network.
         Starting Initial cloud-init job (metadata service crawler)...
[   37.606585] cloud-init[958]: Cloud-init v. 18.2 running 'init' at Thu, 19 Apr 2018 12:48:54 +0000. Up 37.08 seconds.
[   37.650206] [[0;32m  OK  [0m] Started Initial cloud-init job (metadata service crawler).
cloud-init[958]: ci-info: ++++++++++++++++++++++++++++++++++++++Net device info++++++++++++++++++++++++++++++++++++++
[   37.663726] cloud-init[958]: ci-info: +--------+-------+----------------------------+---------------+-------+-------------------+
[[0;32m  OK  [0m] Reached target Cloud-config availability.
[   37.665960] [[0;32m  OK  [0m] Reached target System Initialization.
[[0;32m  OK  [0m] Listening on UUID daemon activation socket.
cloud-init[958]: ci-info: | Device |   Up  |          Address           |      Mask     | Scope |     Hw-Address    |
[   37.855465] [cloud-init[0;32m  OK  [0m[958]: ] ci-info: +--------+-------+----------------------------+---------------+-------+-------------------+Listening on ACPID Listen Socket.

[[0;32m  OK  [0m] Started Timer to automatically refresh installed snaps.
[   37.855850] cloud-init[958]: ci-info: | enp0s3 |  True |         10.0.2.15          | 255.255.255.0 |   .   | 02:62:8c:65:d6:7a |
[   37.921708]          Starting LXD - unix socket.
         Starting Socket activation for snappy daemon.
[[0;32m  OK  [0m] Started Daily apt download activities.
[[0;32m  OK  [0m] Started Daily apt upgrade and clean activities.
[[0;32m  OK  [0m] Listening on D-Bus System Message Bus Socket.
cloud-init[958]: ci-info: | enp0s3 |  True | fe80::62:8cff:fe65:d67a/64 |       .       |  link | 02:62:8c:65:d6:7a |
[   38.055591] [[0;32m  OK  [0m] Started ACPI Events Check.
[[0;32m  OK  [0m] Reached target Paths.
cloud-init[958]: ci-info: | enp0s8 | False |             .              |       .       |   .   | 08:00:27:40:58:b2 |
[   38.209272] [cloud-init[0;32m  OK  [0m[958]: ] ci-info: |   lo   |  True |         127.0.0.1          |   255.0.0.0   |   .   |         .         |Started Daily Cleanup of Temporary Directories.

[[0;32m  OK  [0m] Reached target Timers.
[[0;32m  OK  [0m] Reached target Network is Online.
[   38.210404] cloud-init[958]: ci-info: |   lo   |  True |          ::1/128           |       .       |  host |         .         |
[   38.366128]          Starting iSCSI initiator daemon (iscsid)...
cloud-init[958]: [[0;32m  OK  [0m] Listening on LXD - unix socket.
[[0;32m  OK  [0m] Listening on Socket activation for snappy daemon.
ci-info: +--------+-------+----------------------------+---------------+-------+-------------------+
[   38.377068] cloud-init[958]: ci-info: +++++++++++++++++++++++++++Route IPv4 info++++++++++++++++++++++++++++
[   38.392459] [cloud-init[0;32m  OK  [0m[958]: ] ci-info: +-------+-------------+----------+---------------+-----------+-------+Started iSCSI initiator daemon (iscsid).

[   38.392976] cloud-init[958]: ci-info: | Route | Destination | Gateway  |    Genmask    | Interface | Flags |
[   38.584636] cloud-init[958]: ci-info: +-------+-------------+----------+---------------+-----------+-------+
[   38.584831] cloud-init[958]: ci-info: |   0   |   0.0.0.0   | 10.0.2.2 |    0.0.0.0    |   enp0s3  |   UG  |
[   38.585345] cloud-init[958]: ci-info: |   1   |   10.0.2.0  | 0.0.0.0  | 255.255.255.0 |   enp0s3  |   U   |
[   38.585454] cloud-init[958]: ci-info: +-------+-------------+----------+---------------+-----------+-------+
[   38.585551] cloud-init[958]: Generating public/private rsa key pair.
[   38.585650] cloud-init[958]: Your identification has been saved in /etc/ssh/ssh_host_rsa_key.
[   38.585750] cloud-init[958]: Your public key has been saved in /etc/ssh/ssh_host_rsa_key.pub.
[   38.585866] cloud-init[958]: The key fingerprint is:
[   38.585965] cloud-init[958]: SHA256:PEvZHDf6owM58VamRSPQijiru7YeE32IF0ulJSiNDgQ root@ubuntu-xenial
[   38.586090] cloud-init[958]: The key's randomart image is:
[   38.586192] cloud-init[958]: +---[RSA 2048]----+
[   38.586292] cloud-init[958]: |E+ .. o .o       |
[   38.586397] cloud-init[958]: |+ o  =    o o    |
[   38.586496] cloud-init[958]: |o.  +. . ..oo.   |
[   38.587175] cloud-init[958]: | . +o+..o+ ++.   |
[   38.587289] cloud-init[958]: |  o =o. S++=     |
[   38.587389] cloud-init[958]: |   o.. .+o+.     |
[   38.587487] cloud-init[958]: |  o.    .+  o    |
[   38.587587] cloud-init[958]: |  oo      .. .   |
[   38.587691] cloud-init[958]: | o=+      ..     |
[   38.587791] cloud-init[958]: +----[SHA256]-----+
[   38.587891] cloud-init[958]: Generating public/private dsa key pair.
[   38.587990] cloud-init[958]: Your identification has been saved in /etc/ssh/ssh_host_dsa_key.
         Starting Login to default iSCSI targets...
[[0;32m  OK  [0m] Reached target Sockets.
[[0;32m  OK  [0m] Reached target Basic System.
[   38.588320] cloud-init[958]: Your public key has been saved in /etc/ssh/ssh_host_dsa_key.pub.
[   38.984535] [cloud-init[0;32m  OK  [0m[958]: ] The key fingerprint is:Started ACPI event daemon.

[[0;32m  OK  [0m] Started Unattended Upgrades Shutdown.
[   38.985568] cloud-init[958]: SHA256:/AZ8BEmyPjmimxlRa8WNjFXBA48zZSEjVd9YyBANKb0 root@ubuntu-xenial
[   39.075986]          Starting LSB: Record successful boot for GRUB...
cloud-init[958]: The key's randomart image is:
[   39.080885] cloud-init[958]: +---[DSA 1024]----+
[   39.084145] cloud-init[958]: |    ..BB&@ ..    |
[   39.087296] cloud-init[958]: |     *.%*o++     |
[   39.090527] cloud-init[958]: |    o X.oo+ .    |
[   39.092987] cloud-init[958]: |   . + *E.       |
[   39.095191] cloud-init[958]: [[0;32m  OK  [0m] Started FUSE filesystem for LXC.
|  . + = S .      |
         Starting LSB: MD monitoring daemon...
[   39.101568] cloud-init[958]: |   + . o +       |
         Starting Snappy daemon...
[   39.161598] cloud-init[958]: |  o       o      |
[   39.224638]          cloud-initStarting Virtualbox guest utils...[958]: 
|   =     .       |
[   39.243352] [cloud-init[0;32m  OK  [0m[958]: ] |  +              |Started Deferred execution scheduler.

[   39.244289] cloud-init[958]: +----[SHA256]-----+
[   39.320364] cloud-init[958]: Generating public/private ecdsa key pair.
[   39.384265]          cloud-initStarting Apply the settings specified in cloud-config...[958]: 
Your identification has been saved in /etc/ssh/ssh_host_ecdsa_key.
[   39.504882] [cloud-init[0;32m  OK  [0m[958]: ] Your public key has been saved in /etc/ssh/ssh_host_ecdsa_key.pub.Started D-Bus System Message Bus.

[   39.505251] cloud-init[958]: The key fingerprint is:
[   39.511601] cloud-init[958]: SHA256:WHYTDU+8+p+XaOU/T9GRe05+pfyBE9HqAKIHkU2Fp+8 root@ubuntu-xenial
[   39.513833] cloud-init[958]: The key's randomart image is:
[   39.516649] cloud-init[958]: +---[ECDSA 256]---+
[   39.517579] cloud-init[958]: |     .+.o.o+.    |
[   39.520572] cloud-init[958]: |     ..o . +o . .|
[   39.526872]          cloud-initStarting Accounts Service...[958]: 
|     . .=.o .o + |
[   39.530330]          cloud-initStarting System Logging Service...[958]: 
|      o=..... o +|
[   39.535199]          cloud-initStarting Pollinate to seed the pseudo random number generator...[958]: 
|     ...S  o o o=|
         Starting Login Service...
[   39.543678] cloud-init[958]: |      .  .. o.o*+|
[   39.604211] cloud-init[958]: |        .  . +*.*|
[   39.604289] cloud-init[958]: |         E  .o.B+|
[   39.604397] cloud-init[958]: |            ..o.B|
[   39.604427] cloud-init[958]: +----[SHA256]-----+
[   39.604469] cloud-init[958]: Generating public/private ed25519 key pair.
[   39.604498] cloud-init[958]: Your identification has been saved in /etc/ssh/ssh_host_ed25519_key.
[   39.604527] cloud-init[958]: Your public key has been saved in /etc/ssh/ssh_host_ed25519_key.pub.
[   39.604556] cloud-init[958]: The key fingerprint is:
[   39.604584] cloud-init[958]: SHA256:xxr4QnF0t8FIp6yB/Lg33jgs23OEgrv3l+fqgPnMjPM root@ubuntu-xenial
[   39.604613] cloud-init[958]: The key's randomart image is:
[   39.604641] cloud-init[958]: +--[ED25519 256]--+
[   39.604670] cloud-init[958]: |        ..oo+    |
[   39.604701] cloud-init[958]: |     . o o.+.o   |
[   39.604730] cloud-init[958]: |      + o o .    |
[   39.604759] cloud-init[958]: |       * +       |
[   39.604788] cloud-init[958]: |     .+ S.o      |
[   39.604815] cloud-init[958]: |    ...=.+.      |
[   39.604844] cloud-init[958]: |     .=o*. .     |
[   39.604872] cloud-init[958]: |    . +@+=+ .    |
[   39.604900] cloud-init[958]: |    .oo*E*++.    |
[   39.604927] cloud-init[958]: +----[SHA256]-----+
         Starting /etc/rc.local Compatibility...
[   39.725661] cloud-init[1092]: Generating locales (this might take a while)...
[[0;32m  OK  [0m] Started Regular background program processing daemon.
         Starting LXD - container startup/shutdown...
[[0;32m  OK  [0m] Started Snappy daemon.
[[0;32m  OK  [0m] Started System Logging Service.
[[0;32m  OK  [0m] Started Pollinate to seed the pseudo random number generator.
[[0;32m  OK  [0m] Started /etc/rc.local Compatibility.
[[0;32m  OK  [0m] Started LXD - container startup/shutdown.
[[0;32m  OK  [0m] Started Login to default iSCSI targets.
[[0;32m  OK  [0m] Started LSB: Record successful boot for GRUB.
[[0;32m  OK  [0m] Started LSB: MD monitoring daemon.
[   40.379987] cloud-init[1092]:   en_US.UTF-8... done
[[0;32m  OK  [0m[   40.461036] cloud-init[1092]: Generation complete.
] Started Virtualbox guest utils.
[[0;32m  OK  [0m] Started Login Service.
         Starting Authenticate and Authorize Users to Run Privileged Tasks...
[[0;32m  OK  [0m] Reached target Remote File Systems (Pre).
[[0;32m  OK  [0m] Reached target Remote File Systems.
         Starting LSB: daemon to balance interrupts for SMP systems...
         Starting LSB: Set the CPU Frequency Scaling governor to "ondemand"...
         Starting LSB: automatic crash report generation...
         Starting Permit User Sessions...
         Starting OpenBSD Secure Shell server...
[[0;32m  OK  [0m] Started Permit User Sessions.
[[0;32m  OK  [0m] Started Authenticate and Authorize Users to Run Privileged Tasks.
[[0;32m  OK  [0m] Started OpenBSD Secure Shell server.
[[0;32m  OK  [0m] Started Accounts Service.
[   40.698727] cloud-init[1092]: Cloud-init v. 18.2 running 'modules:config' at Thu, 19 Apr 2018 12:48:56 +0000. Up 39.60 seconds.
[[0;32m  OK  [0m] Started LSB: Set the CPU Frequency Scaling governor to "ondemand".
         Starting Hold until boot process finishes up...
         Starting Terminate Plymouth Boot Screen...
[[0;32m  OK  [0m] Started Apply the settings specified in cloud-config.
[[0;32m  OK  [0m] Started LSB: daemon to balance interrupts for SMP systems.
[[0;32m  OK  [0m] Started LSB: automatic crash report generation.
[[0;32m  OK  [0m] Started Hold until boot process finishes up.
[[0;32m  OK  [0m] Started Terminate Plymouth Boot Screen.
[[0;32m  OK  [0m] Started Getty on tty1.
         Starting Set console scheme...
[[0;32m  OK  [0m] Started Serial Getty on ttyS0.
[[0;32m  OK  [0m] Reached target Login Prompts.
[[0;32m  OK  [0m] Reached target Multi-User System.
[[0;32m  OK  [0m] Reached target Graphical Interface.
         Starting Update UTMP about System Runlevel Changes...
         Starting Execute cloud user/final scripts...
[[0;32m  OK  [0m] Started Set console scheme.
[[0;32m  OK  [0m] Started Update UTMP about System Runlevel Changes.
ci-info: no authorized ssh keys fingerprints found for user ubuntu.
<14>Apr 19 12:48:58 ec2: 
<14>Apr 19 12:48:58 ec2: #############################################################
<14>Apr 19 12:48:58 ec2: -----BEGIN SSH HOST KEY FINGERPRINTS-----
<14>Apr 19 12:48:58 ec2: 1024 SHA256:/AZ8BEmyPjmimxlRa8WNjFXBA48zZSEjVd9YyBANKb0 root@ubuntu-xenial (DSA)
<14>Apr 19 12:48:58 ec2: 256 SHA256:WHYTDU+8+p+XaOU/T9GRe05+pfyBE9HqAKIHkU2Fp+8 root@ubuntu-xenial (ECDSA)
<14>Apr 19 12:48:58 ec2: 256 SHA256:xxr4QnF0t8FIp6yB/Lg33jgs23OEgrv3l+fqgPnMjPM root@ubuntu-xenial (ED25519)
<14>Apr 19 12:48:58 ec2: 2048 SHA256:PEvZHDf6owM58VamRSPQijiru7YeE32IF0ulJSiNDgQ root@ubuntu-xenial (RSA)
<14>Apr 19 12:48:58 ec2: -----END SSH HOST KEY FINGERPRINTS-----
<14>Apr 19 12:48:58 ec2: #############################################################
-----BEGIN SSH HOST KEY KEYS-----
ecdsa-sha2-nistp256 AAAAE2VjZHNhLXNoYTItbmlzdHAyNTYAAAAIbmlzdHAyNTYAAABBBNxXyOmWadjssYRZ/44i4hh5m0x5F7jMbCRISh1tqXBHM/6U7Qpl+SIpPao+6hwoBkVQjtV5IaztGZbqzbKLJzc= root@ubuntu-xenial
ssh-ed25519 AAAAC3NzaC1lZDI1NTE5AAAAIKLoVqvWOZKeLO+H6tFDXM88qr4cdNXqbcz5/tS54KSE root@ubuntu-xenial
ssh-rsa AAAAB3NzaC1yc2EAAAADAQABAAABAQC6DgR1zVg0Ri5x4YmzuqY8COQiuFCiFWwHJPh10vdBcvGwJdMWDGMSPVjwXcvem3H/hHVFxqtKChpwzN7uBSm1Q6edTpWdfzCAP9MxorjDHzfC0DAyNTTiSZM2wDxs5EkGBCi0Ieazcda8ToepBSxnS0k5jcUjGmWtBy3H2X/MskO484brpnI1LdYpN3wXaHryNEQHnWGvVCPrHyH6FyEaL5AYJuHrxfJ+wprBzG18bhY87TZv9ZXc0p1Xt9LOkTLYCBMcCWLoZ7GhRjSckhYeT6509JJXNkQ31N2M/E0f2Yak3eue4S7T/WHEQiq6cubOrut2IuIhMI8nySB2h4Vb root@ubuntu-xenial
-----END SSH HOST KEY KEYS-----
[   41.489505] cloud-init[1306]: Cloud-init v. 18.2 running 'modules:final' at Thu, 19 Apr 2018 12:48:57 +0000. Up 40.96 seconds.
[[0;32m  OK  [0m] Started Execute cloud user/final scripts.
[   41.620827] cloud-init[1306]: ci-info: no authorized ssh keys fingerprints found for user ubuntu.
[[   41.713129] cloud-init[1306]: Cloud-init v. 18.2 finished at Thu, 19 Apr 2018 12:48:58 +0000. Datasource DataSourceNoCloud [seed=/dev/sdb][dsmode=net].  Up 41.46 seconds
[0;32m  OK  [0m] Reached target Cloud-init target.

Ubuntu 16.04.4 LTS ubuntu-xenial ttyS0

ubuntu-xenial login: 